<?xml version="1.0" encoding="UTF-8"?>
<!-- Generated by org.testng.reporters.JUnitReportReporter -->
<testsuite skipped="0" hostname="DESKTOP-5C6KNEF" name="Mobile_Automation.Mobile_Automation_Framework.TestCase_006_Data_Driven_Test" tests="2" failures="0" timestamp="18 Feb 2021 20:48:15 GMT" time="49.347" errors="0">
  <testcase name="DatDrivenTest" time="29.592" classname="Mobile_Automation.Mobile_Automation_Framework.TestCase_006_Data_Driven_Test"/>
  <testcase name="DatDrivenTest" time="19.755" classname="Mobile_Automation.Mobile_Automation_Framework.TestCase_006_Data_Driven_Test"/>
</testsuite> <!-- Mobile_Automation.Mobile_Automation_Framework.TestCase_006_Data_Driven_Test -->
