<?xml version="1.0" encoding="UTF-8"?>
<!-- Generated by org.testng.reporters.JUnitReportReporter -->
<testsuite skipped="0" hostname="DESKTOP-5C6KNEF" name="Mobile_Automation.Mobile_Automation_Framework.TestCase_004_Verify_Total_Amount_TwoProducts" tests="1" failures="0" timestamp="19 Feb 2021 14:26:56 GMT" time="35.194" errors="0">
  <testcase name="Total_Amount_Validation_TwoProducts" time="35.194" classname="Mobile_Automation.Mobile_Automation_Framework.TestCase_004_Verify_Total_Amount_TwoProducts"/>
</testsuite> <!-- Mobile_Automation.Mobile_Automation_Framework.TestCase_004_Verify_Total_Amount_TwoProducts -->
