<?xml version="1.0" encoding="UTF-8"?>
<!-- Generated by org.testng.reporters.JUnitReportReporter -->
<testsuite skipped="0" hostname="DESKTOP-5C6KNEF" name="Mobile_Automation.Mobile_Automation_Framework.TestCase_003_Country_Scroll_functionality" tests="1" failures="0" timestamp="18 Feb 2021 14:28:58 GMT" time="27.551" errors="0">
  <testcase name="Country_Dynamic_Scroll_functionality" time="27.551" classname="Mobile_Automation.Mobile_Automation_Framework.TestCase_003_Country_Scroll_functionality"/>
</testsuite> <!-- Mobile_Automation.Mobile_Automation_Framework.TestCase_003_Country_Scroll_functionality -->
