<?xml version="1.0" encoding="UTF-8"?>
<!-- Generated by org.testng.reporters.JUnitReportReporter -->
<testsuite skipped="0" hostname="DESKTOP-5C6KNEF" name="Mobile_Automation.Mobile_Automation_Framework.TestCase_007_Integration_Test_Open_WebBrowser" tests="1" failures="0" timestamp="18 Feb 2021 21:36:14 GMT" time="41.636" errors="0">
  <testcase name="Total_Sum_Validation" time="41.636" classname="Mobile_Automation.Mobile_Automation_Framework.TestCase_007_Integration_Test_Open_WebBrowser"/>
</testsuite> <!-- Mobile_Automation.Mobile_Automation_Framework.TestCase_007_Integration_Test_Open_WebBrowser -->
