<?xml version="1.0" encoding="UTF-8"?>
<!-- Generated by org.testng.reporters.JUnitReportReporter -->
<testsuite skipped="0" hostname="DESKTOP-5C6KNEF" name="Mobile_Automation.Mobile_Automation_Framework.TC_004" tests="1" failures="0" timestamp="18 Feb 2021 00:42:28 GMT" time="30.936" errors="0">
  <testcase name="Total_Sum_Validation" time="30.936" classname="Mobile_Automation.Mobile_Automation_Framework.TC_004"/>
</testsuite> <!-- Mobile_Automation.Mobile_Automation_Framework.TC_004 -->
