<?xml version="1.0" encoding="UTF-8"?>
<!-- Generated by org.testng.reporters.JUnitReportReporter -->
<testsuite skipped="0" hostname="DESKTOP-5C6KNEF" name="Mobile_Automation.Mobile_Automation_Framework.TestCase_002_Verify_Product_Images" tests="1" failures="0" timestamp="18 Feb 2021 21:02:59 GMT" time="24.087" errors="0">
  <testcase name="Verify_Product_Images" time="24.087" classname="Mobile_Automation.Mobile_Automation_Framework.TestCase_002_Verify_Product_Images"/>
</testsuite> <!-- Mobile_Automation.Mobile_Automation_Framework.TestCase_002_Verify_Product_Images -->
