<?xml version="1.0" encoding="UTF-8"?>
<!-- Generated by org.testng.reporters.JUnitReportReporter -->
<testsuite skipped="0" hostname="DESKTOP-5C6KNEF" name="Mobile_Automation.Mobile_Automation_Framework.TestCase_005_Verify_Blinking_Error_Msg" tests="1" failures="0" timestamp="18 Feb 2021 20:56:21 GMT" time="22.203" errors="0">
  <testcase name="Verify_Blinking_Error_Msg" time="22.203" classname="Mobile_Automation.Mobile_Automation_Framework.TestCase_005_Verify_Blinking_Error_Msg"/>
</testsuite> <!-- Mobile_Automation.Mobile_Automation_Framework.TestCase_005_Verify_Blinking_Error_Msg -->
