<?xml version="1.0" encoding="UTF-8"?>
<!-- Generated by org.testng.reporters.JUnitReportReporter -->
<testsuite hostname="DESKTOP-5C6KNEF" name="Mobile_Automation.Mobile_Automation_Framework.AppTest" tests="1" failures="0" timestamp="17 Feb 2021 14:12:09 GMT" time="0.002" errors="0">
  <testcase name="shouldAnswerWithTrue" time="0.002" classname="Mobile_Automation.Mobile_Automation_Framework.AppTest"/>
</testsuite> <!-- Mobile_Automation.Mobile_Automation_Framework.AppTest -->
